<?xml version="1.0" encoding="UTF-8"?>
<!-- Generated by org.testng.reporters.JUnitReportReporter -->
<testsuite skipped="0" hostname="neelesh-PC" name="com.actitime.scripts.LoginTest" tests="2" failures="0" timestamp="2020-03-12T22:42:18 IST" time="147.575" errors="0">
  <testcase name="validLogin" time="67.270" classname="com.actitime.scripts.LoginTest"/>
  <testcase name="invalidLogin" time="80.305" classname="com.actitime.scripts.LoginTest"/>
</testsuite> <!-- com.actitime.scripts.LoginTest -->
