<?xml version="1.0" encoding="UTF-8"?>
<!-- Generated by org.testng.reporters.JUnitReportReporter -->
<testsuite skipped="0" hostname="neelesh-PC" name="com.actitime.scripts.LoginTest" tests="2" failures="0" timestamp="2020-03-14T19:11:26 IST" time="145.081" errors="0">
  <testcase name="validLogin" time="80.037" classname="com.actitime.scripts.LoginTest"/>
  <testcase name="invalidLogin" time="65.044" classname="com.actitime.scripts.LoginTest"/>
</testsuite> <!-- com.actitime.scripts.LoginTest -->
